  Building 'Driver5' with toolset 'WindowsKernelModeDriver10.0' and the 'Universal' target platform.
  Stamping Debug\Driver5.inf
  Stamping [Version] section with DriverVer=02/04/2020,2.24.17.617
  Device.c
  Driver.c
  Queue.c
  Generando código...
  Driver5.vcxproj -> C:\Users\Anto\source\repos\Driver5\Debug\Driver5.sys
  Done Adding Additional Store
  Successfully signed: C:\Users\Anto\source\repos\Driver5\Debug\Driver5.sys
  
  Driver is a Universal Driver.
  ........................
  Signability test complete.
  
  Errors:
  None
  
  Warnings:
  None
  
  Catalog generation complete.
  C:\Users\Anto\source\repos\Driver5\Debug\Driver5\driver5.cat
  Done Adding Additional Store
  Successfully signed: C:\Users\Anto\source\repos\Driver5\Debug\Driver5\driver5.cat
  
